{
  "RSpec": {
    "coverage": {
      "/Users/meghanstang/turing/4module/projects/trivia_backend/app/models/user.rb": [
        1,
        1,
        1,
        1,
        null,
        1,
        null,
        null,
        null,
        1,
        null,
        1,
        null,
        1,
        3,
        null,
        null,
        1,
        3,
        null,
        null
      ],
      "/Users/meghanstang/turing/4module/projects/trivia_backend/app/models/application_record.rb": [
        1,
        1,
        null
      ],
      "/Users/meghanstang/turing/4module/projects/trivia_backend/app/controllers/api/v1/users_controller.rb": [
        1,
        null,
        1,
        4,
        4,
        3,
        null,
        1,
        null,
        null,
        null,
        1,
        null,
        1,
        3,
        null,
        null,
        1,
        4,
        null,
        null,
        null
      ],
      "/Users/meghanstang/turing/4module/projects/trivia_backend/app/controllers/application_controller.rb": [
        1,
        null
      ],
      "/Users/meghanstang/turing/4module/projects/trivia_backend/app/services/session_service.rb": [
        1,
        null,
        1,
        3,
        null,
        null,
        1,
        null,
        1,
        3,
        3,
        3,
        null,
        null,
        null,
        1,
        3,
        null,
        null
      ],
      "/Users/meghanstang/turing/4module/projects/trivia_backend/app/serializers/user_serializer.rb": [
        1,
        1,
        1,
        null
      ],
      "/Users/meghanstang/turing/4module/projects/trivia_backend/app/controllers/api/v1/sessions_controller.rb": [
        1,
        null,
        1,
        2,
        1,
        1,
        null,
        1,
        null,
        null,
        null,
        1,
        null,
        1,
        6,
        null,
        null,
        1,
        2,
        null,
        null,
        null
      ],
      "/Users/meghanstang/turing/4module/projects/trivia_backend/app/mailers/application_mailer.rb": [
        0,
        0,
        0,
        0
      ],
      "/Users/meghanstang/turing/4module/projects/trivia_backend/app/jobs/application_job.rb": [
        0,
        0
      ],
      "/Users/meghanstang/turing/4module/projects/trivia_backend/app/controllers/api/v1/score_controller.rb": [
        0,
        null,
        0,
        0,
        0,
        0,
        0,
        0,
        0,
        null,
        0
      ],
      "/Users/meghanstang/turing/4module/projects/trivia_backend/app/channels/application_cable/connection.rb": [
        0,
        0,
        0,
        0
      ],
      "/Users/meghanstang/turing/4module/projects/trivia_backend/app/channels/application_cable/channel.rb": [
        0,
        0,
        0,
        0
      ]
    },
    "timestamp": 1551249434
  }
}
